<?xml version="1.0" encoding="UTF-8"?>
<testsuite xmlns:xsi="http://www.w3.org/2001/XMLSchema-instance" xsi:noNamespaceSchemaLocation="https://maven.apache.org/surefire/maven-surefire-plugin/xsd/surefire-test-report-3.0.xsd" version="3.0" name="com.sales.receipt.TaxCalculatorTest" time="0.0" tests="4" errors="0" skipped="0" failures="0">
  <properties>
[...]
</properties>
  <testcase name="testCalculateTax_importedNonExemptItem" classname="com.sales.receipt.TaxCalculatorTest" time="0.0"/>
  <testcase name="testCalculateTax_importedExemptItem" classname="com.sales.receipt.TaxCalculatorTest" time="0.0"/>
  <testcase name="testCalculateTax_nonExemptItem" classname="com.sales.receipt.TaxCalculatorTest" time="0.0"/>
  <testcase name="testCalculateTax_exemptItem" classname="com.sales.receipt.TaxCalculatorTest" time="0.0"/>
</testsuite>